enjoymusic/MusicPlayer/build/outputs/logs/manifest-merger-release-report.txt
-- Merging decision tree log ---
manifest
ADDED from enjoymusic\MusicPlayer\AndroidManifest.xml:2:1-124:12
	package
		ADDED from enjoymusic\MusicPlayer\AndroidManifest.xml:3:5-40
		INJECTED from enjoymusic\MusicPlayer\AndroidManifest.xml
		INJECTED from enjoymusic\MusicPlayer\AndroidManifest.xml
	android:sharedUserId
		ADDED from enjoymusic\MusicPlayer\AndroidManifest.xml:7:5-46
	android:versionName
		ADDED from enjoymusic\MusicPlayer\AndroidManifest.xml:6:5-39
		INJECTED from enjoymusic\MusicPlayer\AndroidManifest.xml
		INJECTED from enjoymusic\MusicPlayer\AndroidManifest.xml
	android:versionCode
		ADDED from enjoymusic\MusicPlayer\AndroidManifest.xml:5:5-32
		INJECTED from enjoymusic\MusicPlayer\AndroidManifest.xml
		INJECTED from enjoymusic\MusicPlayer\AndroidManifest.xml
	xmlns:android
		ADDED from enjoymusic\MusicPlayer\AndroidManifest.xml:2:11-69
	android:installLocation
		ADDED from enjoymusic\MusicPlayer\AndroidManifest.xml:4:5-45
uses-sdk
ADDED from enjoymusic\MusicPlayer\AndroidManifest.xml:9:5-11:41
MERGED from [com.android.support:appcompat-v7:23.3.0] AndroidManifest.xml:21:5-23:78
MERGED from [com.android.support:support-vector-drawable:23.3.0] AndroidManifest.xml:5:5-43
MERGED from [com.android.support:support-v4:23.3.0] AndroidManifest.xml:20:5-43
MERGED from [com.android.support:animated-vector-drawable:23.3.0] AndroidManifest.xml:5:5-44
MERGED from [com.android.support:support-vector-drawable:23.3.0] AndroidManifest.xml:5:5-43
MERGED from [com.android.support:support-v4:23.3.0] AndroidManifest.xml:20:5-43
MERGED from [com.android.support:support-v4:23.3.0] AndroidManifest.xml:20:5-43
MERGED from [tv.danmaku.ijk.media:ijkplayer-java:0.5.1] AndroidManifest.xml:5:5-7:41
MERGED from [tv.danmaku.ijk.media:ijkplayer-armv7a:0.5.1] AndroidManifest.xml:5:5-7:41
MERGED from [com.android.support:support-v4:23.3.0] AndroidManifest.xml:20:5-43
	tools:overrideLibrary
		ADDED from [com.android.support:appcompat-v7:23.3.0] AndroidManifest.xml:23:9-75
	android:targetSdkVersion
		ADDED from enjoymusic\MusicPlayer\AndroidManifest.xml:11:9-38
	android:minSdkVersion
		ADDED from enjoymusic\MusicPlayer\AndroidManifest.xml:10:9-35
uses-permission#android.permission.ACCESS_NETWORK_STATE
ADDED from enjoymusic\MusicPlayer\AndroidManifest.xml:14:5-79
	android:name
		ADDED from enjoymusic\MusicPlayer\AndroidManifest.xml:14:22-76
uses-permission#android.permission.ACCESS_WIFI_STATE
ADDED from enjoymusic\MusicPlayer\AndroidManifest.xml:15:5-76
	android:name
		ADDED from enjoymusic\MusicPlayer\AndroidManifest.xml:15:22-73
uses-permission#android.permission.INTERNET
ADDED from enjoymusic\MusicPlayer\AndroidManifest.xml:16:5-67
	android:name
		ADDED from enjoymusic\MusicPlayer\AndroidManifest.xml:16:22-64
uses-permission#android.permission.READ_PHONE_STATE
ADDED from enjoymusic\MusicPlayer\AndroidManifest.xml:17:5-75
	android:name
		ADDED from enjoymusic\MusicPlayer\AndroidManifest.xml:17:22-72
uses-permission#android.permission.WRITE_EXTERNAL_STORAGE
ADDED from enjoymusic\MusicPlayer\AndroidManifest.xml:19:5-81
	android:name
		ADDED from enjoymusic\MusicPlayer\AndroidManifest.xml:19:22-78
uses-permission#android.permission.WAKE_LOCK
ADDED from enjoymusic\MusicPlayer\AndroidManifest.xml:22:5-68
	android:name
		ADDED from enjoymusic\MusicPlayer\AndroidManifest.xml:22:22-65
uses-permission#android.permission.MOUNT_UNMOUNT_FILESYSTEMS
ADDED from enjoymusic\MusicPlayer\AndroidManifest.xml:24:5-84
	android:name
		ADDED from enjoymusic\MusicPlayer\AndroidManifest.xml:24:22-81
uses-permission#android.permission.WRITE_SETTINGS
ADDED from enjoymusic\MusicPlayer\AndroidManifest.xml:27:5-73
	android:name
		ADDED from enjoymusic\MusicPlayer\AndroidManifest.xml:27:22-70
uses-permission#android.permission.READ_EXTERNAL_STORAGE
ADDED from enjoymusic\MusicPlayer\AndroidManifest.xml:29:5-80
	android:name
		ADDED from enjoymusic\MusicPlayer\AndroidManifest.xml:29:22-77
uses-permission#android.permission.ADD_VOICEMAIL
ADDED from enjoymusic\MusicPlayer\AndroidManifest.xml:30:5-72
	android:name
		ADDED from enjoymusic\MusicPlayer\AndroidManifest.xml:30:22-69
application
ADDED from enjoymusic\MusicPlayer\AndroidManifest.xml:32:5-122:19
MERGED from [com.android.support:appcompat-v7:23.3.0] AndroidManifest.xml:25:5-20
MERGED from [com.android.support:support-vector-drawable:23.3.0] AndroidManifest.xml:7:5-20
MERGED from [com.android.support:support-v4:23.3.0] AndroidManifest.xml:22:5-20
MERGED from [com.android.support:animated-vector-drawable:23.3.0] AndroidManifest.xml:7:5-20
MERGED from [com.android.support:support-vector-drawable:23.3.0] AndroidManifest.xml:7:5-20
MERGED from [com.android.support:support-v4:23.3.0] AndroidManifest.xml:22:5-20
MERGED from [com.android.support:support-v4:23.3.0] AndroidManifest.xml:22:5-20
MERGED from [com.android.support:support-v4:23.3.0] AndroidManifest.xml:22:5-20
	android:label
		ADDED from enjoymusic\MusicPlayer\AndroidManifest.xml:35:9-41
	android:allowBackup
		ADDED from enjoymusic\MusicPlayer\AndroidManifest.xml:33:9-35
	android:icon
		ADDED from enjoymusic\MusicPlayer\AndroidManifest.xml:34:9-38
	android:theme
		ADDED from enjoymusic\MusicPlayer\AndroidManifest.xml:36:9-40
activity#org.app.enjoy.musicplayer.PlayMusicActivity
ADDED from enjoymusic\MusicPlayer\AndroidManifest.xml:38:9-44:20
	android:screenOrientation
		ADDED from enjoymusic\MusicPlayer\AndroidManifest.xml:41:13-49
	android:launchMode
		ADDED from enjoymusic\MusicPlayer\AndroidManifest.xml:40:13-48
	android:windowSoftInputMode
		ADDED from enjoymusic\MusicPlayer\AndroidManifest.xml:42:13-52
	android:theme
		ADDED from enjoymusic\MusicPlayer\AndroidManifest.xml:43:13-66
	android:name
		ADDED from enjoymusic\MusicPlayer\AndroidManifest.xml:39:13-46
activity#org.app.enjoy.musicplayer.MusicPlayActivity
ADDED from enjoymusic\MusicPlayer\AndroidManifest.xml:45:9-56:20
	android:screenOrientation
		ADDED from enjoymusic\MusicPlayer\AndroidManifest.xml:48:13-49
	android:launchMode
		ADDED from enjoymusic\MusicPlayer\AndroidManifest.xml:47:13-48
	android:windowSoftInputMode
		ADDED from enjoymusic\MusicPlayer\AndroidManifest.xml:49:13-52
	android:theme
		ADDED from enjoymusic\MusicPlayer\AndroidManifest.xml:50:13-63
	android:name
		ADDED from enjoymusic\MusicPlayer\AndroidManifest.xml:46:13-46
intent-filter#android.intent.action.MAIN+android.intent.category.LAUNCHER
ADDED from enjoymusic\MusicPlayer\AndroidManifest.xml:51:13-55:29
action#android.intent.action.MAIN
ADDED from enjoymusic\MusicPlayer\AndroidManifest.xml:52:17-69
	android:name
		ADDED from enjoymusic\MusicPlayer\AndroidManifest.xml:52:25-66
category#android.intent.category.LAUNCHER
ADDED from enjoymusic\MusicPlayer\AndroidManifest.xml:54:17-77
	android:name
		ADDED from enjoymusic\MusicPlayer\AndroidManifest.xml:54:27-74
service#org.app.enjoy.music.service.MusicService
ADDED from enjoymusic\MusicPlayer\AndroidManifest.xml:57:9-68:19
	android:enabled
		ADDED from enjoymusic\MusicPlayer\AndroidManifest.xml:58:13-35
	android:label
		ADDED from enjoymusic\MusicPlayer\AndroidManifest.xml:60:13-35
	android:exported
		ADDED from enjoymusic\MusicPlayer\AndroidManifest.xml:59:13-37
	android:stopWithTask
		ADDED from enjoymusic\MusicPlayer\AndroidManifest.xml:61:13-41
	android:name
		ADDED from enjoymusic\MusicPlayer\AndroidManifest.xml:57:18-73
intent-filter#android.intent.action.ACTION_SHUTDOWN+com.app.media.MUSIC_SERVICE+com.app.media.stopService
ADDED from enjoymusic\MusicPlayer\AndroidManifest.xml:62:13-67:29
action#com.app.media.MUSIC_SERVICE
ADDED from enjoymusic\MusicPlayer\AndroidManifest.xml:63:17-70
	android:name
		ADDED from enjoymusic\MusicPlayer\AndroidManifest.xml:63:25-67
action#android.intent.action.ACTION_SHUTDOWN
ADDED from enjoymusic\MusicPlayer\AndroidManifest.xml:65:17-80
	android:name
		ADDED from enjoymusic\MusicPlayer\AndroidManifest.xml:65:25-77
action#com.app.media.stopService
ADDED from enjoymusic\MusicPlayer\AndroidManifest.xml:66:17-68
	android:name
		ADDED from enjoymusic\MusicPlayer\AndroidManifest.xml:66:25-65
service#org.app.enjoy.music.service.LogService
ADDED from enjoymusic\MusicPlayer\AndroidManifest.xml:70:9-80:19
	android:enabled
		ADDED from enjoymusic\MusicPlayer\AndroidManifest.xml:71:13-35
	android:label
		ADDED from enjoymusic\MusicPlayer\AndroidManifest.xml:73:13-35
	android:exported
		ADDED from enjoymusic\MusicPlayer\AndroidManifest.xml:72:13-37
	android:stopWithTask
		ADDED from enjoymusic\MusicPlayer\AndroidManifest.xml:74:13-41
	android:name
		ADDED from enjoymusic\MusicPlayer\AndroidManifest.xml:70:18-71
intent-filter#MONITOR_LOG_SIZE+SWITCH_LOG_FILE_ACTION
ADDED from enjoymusic\MusicPlayer\AndroidManifest.xml:75:13-79:29
action#MONITOR_LOG_SIZE
ADDED from enjoymusic\MusicPlayer\AndroidManifest.xml:76:17-59
	android:name
		ADDED from enjoymusic\MusicPlayer\AndroidManifest.xml:76:25-56
action#SWITCH_LOG_FILE_ACTION
ADDED from enjoymusic\MusicPlayer\AndroidManifest.xml:78:17-65
	android:name
		ADDED from enjoymusic\MusicPlayer\AndroidManifest.xml:78:25-62
receiver#org.app.enjoy.musicplayer.AppWidget
ADDED from enjoymusic\MusicPlayer\AndroidManifest.xml:82:9-94:20
	android:name
		ADDED from enjoymusic\MusicPlayer\AndroidManifest.xml:82:19-44
meta-data#android.appwidget.provider
ADDED from enjoymusic\MusicPlayer\AndroidManifest.xml:83:13-85:61
	android:resource
		ADDED from enjoymusic\MusicPlayer\AndroidManifest.xml:85:17-58
	android:name
		ADDED from enjoymusic\MusicPlayer\AndroidManifest.xml:84:17-58
intent-filter#android.appwidget.action.APPWIDGET_UPDATE+com.app.musictitle+com.app.pause+com.app.play+com.app.playmusic
ADDED from enjoymusic\MusicPlayer\AndroidManifest.xml:87:13-93:29
action#android.appwidget.action.APPWIDGET_UPDATE
ADDED from enjoymusic\MusicPlayer\AndroidManifest.xml:88:17-84
	android:name
		ADDED from enjoymusic\MusicPlayer\AndroidManifest.xml:88:25-81
action#com.app.playmusic
ADDED from enjoymusic\MusicPlayer\AndroidManifest.xml:89:17-60
	android:name
		ADDED from enjoymusic\MusicPlayer\AndroidManifest.xml:89:25-57
action#com.app.pause
ADDED from enjoymusic\MusicPlayer\AndroidManifest.xml:90:17-56
	android:name
		ADDED from enjoymusic\MusicPlayer\AndroidManifest.xml:90:25-53
action#com.app.play
ADDED from enjoymusic\MusicPlayer\AndroidManifest.xml:91:17-55
	android:name
		ADDED from enjoymusic\MusicPlayer\AndroidManifest.xml:91:25-52
action#com.app.musictitle
ADDED from enjoymusic\MusicPlayer\AndroidManifest.xml:92:17-61
	android:name
		ADDED from enjoymusic\MusicPlayer\AndroidManifest.xml:92:25-58
meta-data#UMENG_APPKEY
ADDED from enjoymusic\MusicPlayer\AndroidManifest.xml:96:9-98:56
	android:value
		ADDED from enjoymusic\MusicPlayer\AndroidManifest.xml:98:13-53
	android:name
		ADDED from enjoymusic\MusicPlayer\AndroidManifest.xml:97:13-40
meta-data#UMENG_CHANNEL
ADDED from enjoymusic\MusicPlayer\AndroidManifest.xml:99:9-101:42
	android:value
		ADDED from enjoymusic\MusicPlayer\AndroidManifest.xml:101:13-39
	android:name
		ADDED from enjoymusic\MusicPlayer\AndroidManifest.xml:100:13-41
activity#org.app.enjoy.musicplayer.MusicActivity
ADDED from enjoymusic\MusicPlayer\AndroidManifest.xml:103:9-109:65
	android:screenOrientation
		ADDED from enjoymusic\MusicPlayer\AndroidManifest.xml:107:13-49
	android:label
		ADDED from enjoymusic\MusicPlayer\AndroidManifest.xml:106:13-45
	android:launchMode
		ADDED from enjoymusic\MusicPlayer\AndroidManifest.xml:104:13-48
	android:exported
		ADDED from enjoymusic\MusicPlayer\AndroidManifest.xml:105:13-36
	android:windowSoftInputMode
		ADDED from enjoymusic\MusicPlayer\AndroidManifest.xml:108:13-52
	android:theme
		ADDED from enjoymusic\MusicPlayer\AndroidManifest.xml:109:13-63
	android:name
		ADDED from enjoymusic\MusicPlayer\AndroidManifest.xml:103:19-48
activity#org.app.enjoy.musicplayer.FileExplorerActivity
ADDED from enjoymusic\MusicPlayer\AndroidManifest.xml:111:9-117:53
	android:screenOrientation
		ADDED from enjoymusic\MusicPlayer\AndroidManifest.xml:115:13-49
	android:label
		ADDED from enjoymusic\MusicPlayer\AndroidManifest.xml:114:13-45
	android:launchMode
		ADDED from enjoymusic\MusicPlayer\AndroidManifest.xml:112:13-48
	android:exported
		ADDED from enjoymusic\MusicPlayer\AndroidManifest.xml:113:13-36
	android:windowSoftInputMode
		ADDED from enjoymusic\MusicPlayer\AndroidManifest.xml:116:13-52
	android:theme
		ADDED from enjoymusic\MusicPlayer\AndroidManifest.xml:117:13-51
	android:name
		ADDED from enjoymusic\MusicPlayer\AndroidManifest.xml:111:19-55
provider#org.app.enjoy.music.db.DataBaseContent
ADDED from enjoymusic\MusicPlayer\AndroidManifest.xml:119:9-121:60
	android:authorities
		ADDED from enjoymusic\MusicPlayer\AndroidManifest.xml:121:13-58
	android:name
		ADDED from enjoymusic\MusicPlayer\AndroidManifest.xml:120:13-66